<?xml version="1.0" encoding="UTF-8"?>
<!-- Generated by org.testng.reporters.JUnitReportReporter -->
<testsuite skipped="0" hostname="WINDOWS-FH09OQ3" name="requestResponseBuilder.SpecBuilderTests" tests="1" failures="0" timestamp="2022-03-07T10:51:49 UYT" time="4.449" errors="0">
  <testcase name="addPlace" time="4.449" classname="requestResponseBuilder.SpecBuilderTests"/>
  <system-out/>
</testsuite> <!-- requestResponseBuilder.SpecBuilderTests -->
