<?xml version="1.0" encoding="UTF-8"?>
<!-- Generated by org.testng.reporters.JUnitReportReporter -->
<testsuite skipped="0" hostname="WINDOWS-FH09OQ3" name="jiraAPI.JIRATests" tests="5" failures="0" timestamp="2022-03-03T16:44:44 UYT" time="4.099" errors="0">
  <testcase name="jiraLogin" time="3.432" classname="jiraAPI.JIRATests"/>
  <system-out/>
  <testcase name="createIssue" time="0.117" classname="jiraAPI.JIRATests"/>
  <system-out/>
  <testcase name="addCommentToIssue" time="0.087" classname="jiraAPI.JIRATests"/>
  <system-out/>
  <testcase name="addAttachmentToIssue" time="0.224" classname="jiraAPI.JIRATests"/>
  <system-out/>
  <testcase name="getIssue" time="0.239" classname="jiraAPI.JIRATests"/>
  <system-out/>
</testsuite> <!-- jiraAPI.JIRATests -->
