<?xml version="1.0" encoding="UTF-8"?>
<!-- Generated by org.testng.reporters.JUnitReportReporter -->
<testsuite skipped="0" hostname="WINDOWS-FH09OQ3" name="SumValidation" tests="1" failures="0" timestamp="2022-03-02T12:05:25 UYT" time="1.458" errors="0">
  <testcase name="sumOfCourses" time="1.458" classname="SumValidation"/>
  <system-out/>
</testsuite> <!-- SumValidation -->
