<?xml version="1.0" encoding="UTF-8"?>
<!-- Generated by org.testng.reporters.JUnitReportReporter -->
<testsuite skipped="0" hostname="WINDOWS-FH09OQ3" name="OAuth2_0.oAuthTest" tests="3" failures="0" timestamp="2022-03-04T12:43:26 UYT" time="4.904" errors="0">
  <testcase name="getCode" time="0.011" classname="OAuth2_0.oAuthTest"/>
  <system-out/>
  <testcase name="getToken" time="2.788" classname="OAuth2_0.oAuthTest"/>
  <system-out/>
  <testcase name="getCourse" time="2.105" classname="OAuth2_0.oAuthTest"/>
  <system-out/>
</testsuite> <!-- OAuth2_0.oAuthTest -->
