<?xml version="1.0" encoding="UTF-8"?>
<!-- Generated by org.testng.reporters.JUnitReportReporter -->
<testsuite skipped="0" hostname="WINDOWS-FH09OQ3" name="serializationAndDeserialization.SerializationTests" tests="1" failures="0" timestamp="2022-03-05T16:59:06 UYT" time="4.244" errors="0">
  <testcase name="addPlace" time="4.244" classname="serializationAndDeserialization.SerializationTests"/>
  <system-out/>
</testsuite> <!-- serializationAndDeserialization.SerializationTests -->
