<?xml version="1.0" encoding="UTF-8"?>
<!-- Generated by org.testng.reporters.JUnitReportReporter -->
<testsuite skipped="0" hostname="WINDOWS-FH09OQ3" name="libraryAPITests.DynamicJson" tests="4" failures="0" timestamp="2022-03-02T16:27:16 UYT" time="14.127" errors="0">
  <testcase name="addBook" time="4.599" classname="libraryAPITests.DynamicJson"/>
  <system-out/>
  <testcase name="deleteBook" time="5.705" classname="libraryAPITests.DynamicJson"/>
  <system-out/>
  <testcase name="addBook" time="1.927" classname="libraryAPITests.DynamicJson"/>
  <system-out/>
  <testcase name="addBook" time="1.896" classname="libraryAPITests.DynamicJson"/>
  <system-out/>
</testsuite> <!-- libraryAPITests.DynamicJson -->
