<?xml version="1.0" encoding="UTF-8"?>
<!-- Generated by org.testng.reporters.JUnitReportReporter -->
<testsuite skipped="0" hostname="WINDOWS-FH09OQ3" name="libraryAPITests.PayloadFromJsonFile" tests="2" failures="0" timestamp="2022-03-02T16:40:06 UYT" time="6.331" errors="0">
  <testcase name="deleteBook" time="1.926" classname="libraryAPITests.PayloadFromJsonFile"/>
  <system-out/>
  <testcase name="addBook" time="4.405" classname="libraryAPITests.PayloadFromJsonFile"/>
  <system-out/>
</testsuite> <!-- libraryAPITests.PayloadFromJsonFile -->
