<?xml version="1.0" encoding="UTF-8"?>
<!-- Generated by org.testng.reporters.JUnitReportReporter -->
<testsuite skipped="0" hostname="WINDOWS-FH09OQ3" name="libraryAPITests.DynamicJson" tests="7" failures="0" timestamp="2022-03-12T18:01:27 UYT" time="25.225" errors="0">
  <testcase name="deleteBook" time="11.105" classname="libraryAPITests.DynamicJson"/>
  <system-out/>
  <testcase name="addBook" time="1.849" classname="libraryAPITests.DynamicJson"/>
  <system-out/>
  <testcase name="addBookUsingHashMapAsPayload" time="2.107" classname="libraryAPITests.DynamicJson"/>
  <system-out/>
  <testcase name="addBookUsingHashMapAsPayload" time="1.808" classname="libraryAPITests.DynamicJson"/>
  <system-out/>
  <testcase name="addBook" time="4.698" classname="libraryAPITests.DynamicJson"/>
  <system-out/>
  <testcase name="addBook" time="1.843" classname="libraryAPITests.DynamicJson"/>
  <system-out/>
  <testcase name="addBookUsingHashMapAsPayload" time="1.815" classname="libraryAPITests.DynamicJson"/>
  <system-out/>
</testsuite> <!-- libraryAPITests.DynamicJson -->
